\BOOKMARK [0][-]{statement.0}{\376\377\130\360\146\016}{}% 1
\BOOKMARK [0][-]{bittoc.0}{\376\377\166\356\137\125}{}% 2
\BOOKMARK [0][-]{chapter.1}{\376\377\173\054\0001\172\340\000\040\000\040\176\352\213\272}{}% 3
\BOOKMARK [1][-]{section.1.1}{\376\377\0001\000.\0001\000\040\170\024\172\166\200\314\146\157\123\312\141\017\116\111}{chapter.1}% 4
\BOOKMARK [1][-]{section.1.2}{\376\377\0001\000.\0002\000\040\126\375\121\205\131\026\170\024\172\166\163\260\162\266}{chapter.1}% 5
\BOOKMARK [2][-]{subsection.1.2.1}{\376\377\0001\000.\0002\000.\0001\000\040\211\306\211\311\000S\000L\000A\000M\170\024\172\166\151\202\217\360}{section.1.2}% 6
\BOOKMARK [2][-]{subsection.1.2.2}{\376\377\0001\000.\0002\000.\0002\000\040\211\306\211\311\000/\140\357\140\047\207\215\124\010\170\024\172\166\151\202\217\360}{section.1.2}% 7
\BOOKMARK [1][-]{section.1.3}{\376\377\0001\000.\0003\000\040\147\054\145\207\116\073\211\201\135\345\117\134\123\312\176\323\147\204\133\211\143\222}{chapter.1}% 8
\BOOKMARK [0][-]{chapter.2}{\376\377\173\054\0002\172\340\000\040\000\040\170\154\116\366\136\163\123\360\144\055\136\372}{}% 9
\BOOKMARK [1][-]{section.2.1}{\376\377\0002\000.\0001\000\040\117\040\141\037\126\150\152\041\127\213\116\016\220\011\127\213}{chapter.2}% 10
\BOOKMARK [2][-]{subsection.2.1.1}{\376\377\0002\000.\0001\000.\0001\000\040\166\370\147\072\123\312\165\170\123\330\152\041\127\213}{section.2.1}% 11
\BOOKMARK [2][-]{subsection.2.1.2}{\376\377\0002\000.\0001\000.\0002\000\040\000I\000M\000U\162\266\140\001\152\041\127\213}{section.2.1}% 12
\BOOKMARK [2][-]{subsection.2.1.3}{\376\377\0002\000.\0001\000.\0003\000\040\170\301\122\233\213\241\145\160\133\146\152\041\127\213}{section.2.1}% 13
\BOOKMARK [2][-]{subsection.2.1.4}{\376\377\0002\000.\0001\000.\0004\000\040\117\040\141\037\126\150\220\011\127\213}{section.2.1}% 14
\BOOKMARK [1][-]{section.2.2}{\376\377\0002\000.\0002\000\040\117\040\141\037\126\150\166\204\150\007\133\232\116\016\124\014\153\145}{chapter.2}% 15
\BOOKMARK [2][-]{subsection.2.2.1}{\376\377\0002\000.\0002\000.\0001\000\040\166\370\147\072\150\007\133\232}{section.2.2}% 16
\BOOKMARK [2][-]{subsection.2.2.2}{\376\377\0002\000.\0002\000.\0002\000\040\000I\000M\000U\150\007\133\232}{section.2.2}% 17
\BOOKMARK [2][-]{subsection.2.2.3}{\376\377\0002\000.\0002\000.\0003\000\040\124\014\153\145\116\016\200\124\124\010\150\007\133\232}{section.2.2}% 18
\BOOKMARK [1][-]{section.2.3}{\376\377\0002\000.\0003\000\040\170\154\116\366\176\304\136\372\116\016\000R\000O\000S\117\341\140\157\221\307\226\306}{chapter.2}% 19
\BOOKMARK [2][-]{subsection.2.3.1}{\376\377\0002\000.\0003\000.\0001\000\040\170\154\116\366\176\304\136\372}{section.2.3}% 20
\BOOKMARK [2][-]{subsection.2.3.2}{\376\377\0002\000.\0003\000.\0002\000\040\000R\000O\000S\117\341\140\157\221\307\226\306}{section.2.3}% 21
\BOOKMARK [1][-]{section.2.4}{\376\377\0002\000.\0004\000\040\147\054\172\340\134\017\176\323}{chapter.2}% 22
\BOOKMARK [0][-]{chapter.3}{\376\377\173\054\0003\172\340\000\040\000\040\174\373\176\337\122\115\172\357\123\312\122\035\131\313\123\026}{}% 23
\BOOKMARK [1][-]{section.3.1}{\376\377\0003\000.\0001\000\040\211\306\211\311\117\341\140\157\230\204\131\004\164\006}{chapter.3}% 24
\BOOKMARK [2][-]{subsection.3.1.1}{\376\377\0003\000.\0001\000.\0001\000\040\121\163\225\056\160\271\124\214\121\163\225\056\136\047}{section.3.1}% 25
\BOOKMARK [2][-]{subsection.3.1.2}{\376\377\0003\000.\0001\000.\0002\000\040\162\171\137\201\215\337\216\052}{section.3.1}% 26
\BOOKMARK [2][-]{subsection.3.1.3}{\376\377\0003\000.\0001\000.\0003\000\040\137\002\136\070\160\271\122\124\226\144}{section.3.1}% 27
\BOOKMARK [1][-]{section.3.2}{\376\377\0003\000.\0002\000\040\000I\000M\000U\230\204\171\357\122\006}{chapter.3}% 28
\BOOKMARK [2][-]{subsection.3.2.1}{\376\377\0003\000.\0002\000.\0001\000\040\137\123\122\115\136\047\166\204\117\115\177\156\060\001\220\037\136\246\124\214\131\377\140\001}{section.3.2}% 29
\BOOKMARK [2][-]{subsection.3.2.2}{\376\377\0003\000.\0002\000.\0002\000\040\116\044\136\047\116\113\225\364\166\204\117\115\177\156\060\001\220\037\136\246\124\214\131\377\140\001\130\236\221\317}{section.3.2}% 30
\BOOKMARK [2][-]{subsection.3.2.3}{\376\377\0003\000.\0002\000.\0003\000\040\213\357\135\356\162\266\140\001\117\040\144\255}{section.3.2}% 31
\BOOKMARK [1][-]{section.3.3}{\376\377\0003\000.\0003\000\040\174\373\176\337\122\035\131\313\123\026}{chapter.3}% 32
\BOOKMARK [2][-]{subsection.3.3.1}{\376\377\0003\000.\0003\000.\0001\000\040\131\032\211\306\126\376\121\340\117\125\127\372\170\100}{section.3.3}% 33
\BOOKMARK [2][-]{subsection.3.3.2}{\376\377\0003\000.\0003\000.\0002\000\040\176\257\211\306\211\311\122\035\131\313\123\026}{section.3.3}% 34
\BOOKMARK [2][-]{subsection.3.3.3}{\376\377\0003\000.\0003\000.\0003\000\040\211\306\211\311\000/\140\357\140\047\200\124\124\010\122\035\131\313\123\026}{section.3.3}% 35
\BOOKMARK [1][-]{section.3.4}{\376\377\0003\000.\0004\000\040\147\054\172\340\134\017\176\323}{chapter.3}% 36
\BOOKMARK [0][-]{chapter.4}{\376\377\173\054\0004\172\340\000\040\000\040\124\016\172\357\117\030\123\026\123\312\225\355\163\257\150\300\155\113}{}% 37
\BOOKMARK [1][-]{section.4.1}{\376\377\0004\000.\0001\000\040\124\016\172\357\227\136\176\277\140\047\117\030\123\026}{chapter.4}% 38
\BOOKMARK [2][-]{subsection.4.1.1}{\376\377\0004\000.\0001\000.\0001\000\040\162\266\140\001\124\021\221\317\124\214\166\356\150\007\121\375\145\160}{section.4.1}% 39
\BOOKMARK [2][-]{subsection.4.1.2}{\376\377\0004\000.\0001\000.\0002\000\040\000I\000M\000U\176\246\147\137}{section.4.1}% 40
\BOOKMARK [2][-]{subsection.4.1.3}{\376\377\0004\000.\0001\000.\0003\000\040\211\306\211\311\176\246\147\137}{section.4.1}% 41
\BOOKMARK [2][-]{subsection.4.1.4}{\376\377\0004\000.\0001\000.\0004\000\040\217\271\177\030\123\026}{section.4.1}% 42
\BOOKMARK [1][-]{section.4.2}{\376\377\0004\000.\0002\000\040\225\355\163\257\150\300\155\113}{chapter.4}% 43
\BOOKMARK [2][-]{subsection.4.2.1}{\376\377\0004\000.\0002\000.\0001\000\040\213\315\210\213\152\041\127\213}{section.4.2}% 44
\BOOKMARK [2][-]{subsection.4.2.2}{\376\377\0004\000.\0002\000.\0002\000\040\133\127\121\170\147\204\136\372}{section.4.2}% 45
\BOOKMARK [2][-]{subsection.4.2.3}{\376\377\0004\000.\0002\000.\0003\000\040\166\370\117\074\136\246\213\241\173\227}{section.4.2}% 46
\BOOKMARK [2][-]{subsection.4.2.4}{\376\377\0004\000.\0002\000.\0004\000\040\225\355\163\257\150\300\155\113\145\271\150\110}{section.4.2}% 47
\BOOKMARK [1][-]{section.4.3}{\376\377\0004\000.\0003\000\040\221\315\133\232\117\115\124\214\225\355\163\257\117\030\123\026}{chapter.4}% 48
\BOOKMARK [2][-]{subsection.4.3.1}{\376\377\0004\000.\0003\000.\0001\000\040\221\315\133\232\117\115}{section.4.3}% 49
\BOOKMARK [2][-]{subsection.4.3.2}{\376\377\0004\000.\0003\000.\0002\000\040\225\355\163\257\117\030\123\026}{section.4.3}% 50
\BOOKMARK [1][-]{section.4.4}{\376\377\0004\000.\0004\000\040\147\054\172\340\134\017\176\323}{chapter.4}% 51
\BOOKMARK [0][-]{chapter.5}{\376\377\173\054\0005\172\340\000\040\000\040\133\236\232\214}{}% 52
\BOOKMARK [1][-]{section.5.1}{\376\377\0005\000.\0001\000\040\000E\000u\000R\000o\000c\145\160\143\156\226\306\133\236\232\214}{chapter.5}% 53
\BOOKMARK [2][-]{subsection.5.1.1}{\376\377\0005\000.\0001\000.\0001\000\040\000E\000u\000R\000o\000c\147\204\142\020\123\312\170\154\116\366\136\163\123\360}{section.5.1}% 54
\BOOKMARK [2][-]{subsection.5.1.2}{\376\377\0005\000.\0001\000.\0002\000\040\000E\000u\000R\000o\000c\133\236\232\214\116\000}{section.5.1}% 55
\BOOKMARK [2][-]{subsection.5.1.3}{\376\377\0005\000.\0001\000.\0003\000\040\000E\000u\000R\000o\000c\133\236\232\214\116\214}{section.5.1}% 56
\BOOKMARK [1][-]{section.5.2}{\376\377\0005\000.\0002\000\040\147\054\127\060\133\236\145\366\133\236\232\214}{chapter.5}% 57
\BOOKMARK [2][-]{subsection.5.2.1}{\376\377\0005\000.\0002\000.\0001\000\040\147\054\127\060\133\236\232\214\170\154\116\366\123\312\163\257\130\203}{section.5.2}% 58
\BOOKMARK [2][-]{subsection.5.2.2}{\376\377\0005\000.\0002\000.\0002\000\040\147\054\127\060\133\236\232\214\116\000}{section.5.2}% 59
\BOOKMARK [2][-]{subsection.5.2.3}{\376\377\0005\000.\0002\000.\0003\000\040\147\054\127\060\133\236\232\214\116\214}{section.5.2}% 60
\BOOKMARK [1][-]{section.5.3}{\376\377\0005\000.\0003\000\040\147\054\172\340\134\017\176\323}{chapter.5}% 61
\BOOKMARK [0][-]{chapter*.81}{\376\377\176\323\213\272}{}% 62
\BOOKMARK [0][-]{chapter*.82}{\376\377\123\302\200\003\145\207\163\056}{}% 63
\BOOKMARK [0][-]{chapter*.83}{\376\377\145\073\213\373\133\146\117\115\147\037\225\364\123\321\210\150\213\272\145\207\116\016\170\024\172\166\142\020\147\234\156\005\123\125}{}% 64
\BOOKMARK [0][-]{chapter*.84}{\376\377\201\364\214\042}{}% 65
